<?xml version="1.0" encoding="UTF-8"?>
<testsuite name="com.alexbyr.game2048.game.domain.GameEngineTest" tests="5" skipped="0" failures="0" errors="0" timestamp="2026-05-22T21:39:59" hostname="MacBook-Pro-Alexandr-3.local" time="0.021">
  <properties/>
  <testcase name="moveRightRepositionsTiles" classname="com.alexbyr.game2048.game.domain.GameEngineTest" time="0.019"/>
  <testcase name="winningTileMarksGameWon" classname="com.alexbyr.game2048.game.domain.GameEngineTest" time="0.0"/>
  <testcase name="invalidMoveDoesNotSpawnNewTile" classname="com.alexbyr.game2048.game.domain.GameEngineTest" time="0.0"/>
  <testcase name="moveLeftMergesOncePerPair" classname="com.alexbyr.game2048.game.domain.GameEngineTest" time="0.0"/>
  <testcase name="lockedBoardMarksGameLost" classname="com.alexbyr.game2048.game.domain.GameEngineTest" time="0.001"/>
  <system-out><![CDATA[]]></system-out>
  <system-err><![CDATA[]]></system-err>
</testsuite>
